Using pre-set license
Built from '2021.3/staging' branch; Version is '2021.3.10f1 (1c7d0df0160b) revision 1867021'; Using compiler version '192829333'; Build Type 'Release'
OS: 'Windows 10  (10.0.19043) 64bit Professional' Language: 'ko' Physical Memory: 32684 MB
BatchMode: 1, IsHumanControllingUs: 0, StartBugReporterOnCrash: 0, Is64bit: 1, IsPro: 1

COMMAND LINE ARGUMENTS:
C:\Program Files\Unity\Hub\Editor\2021.3.10f1\Editor\Unity.exe
-adb2
-batchMode
-noUpm
-name
AssetImportWorker3
-projectPath
D:/40_석사과정/workspace/dreamer/dreamer
-logFile
Logs/AssetImportWorker3.log
-srvPort
63175
Successfully changed project path to: D:/40_석사과정/workspace/dreamer/dreamer
D:/40_석사과정/workspace/dreamer/dreamer
[UnityMemory] Configuration Parameters - Can be set up in boot.config
    "memorysetup-bucket-allocator-granularity=16"
    "memorysetup-bucket-allocator-bucket-count=8"
    "memorysetup-bucket-allocator-block-size=33554432"
    "memorysetup-bucket-allocator-block-count=8"
    "memorysetup-main-allocator-block-size=16777216"
    "memorysetup-thread-allocator-block-size=16777216"
    "memorysetup-gfx-main-allocator-block-size=16777216"
    "memorysetup-gfx-thread-allocator-block-size=16777216"
    "memorysetup-cache-allocator-block-size=4194304"
    "memorysetup-typetree-allocator-block-size=2097152"
    "memorysetup-profiler-bucket-allocator-granularity=16"
    "memorysetup-profiler-bucket-allocator-bucket-count=8"
    "memorysetup-profiler-bucket-allocator-block-size=33554432"
    "memorysetup-profiler-bucket-allocator-block-count=8"
    "memorysetup-profiler-allocator-block-size=16777216"
    "memorysetup-profiler-editor-allocator-block-size=1048576"
    "memorysetup-temp-allocator-size-main=16777216"
    "memorysetup-job-temp-allocator-block-size=2097152"
    "memorysetup-job-temp-allocator-block-size-background=1048576"
    "memorysetup-job-temp-allocator-reduction-small-platforms=262144"
    "memorysetup-temp-allocator-size-background-worker=32768"
    "memorysetup-temp-allocator-size-job-worker=262144"
    "memorysetup-temp-allocator-size-preload-manager=33554432"
    "memorysetup-temp-allocator-size-nav-mesh-worker=65536"
    "memorysetup-temp-allocator-size-audio-worker=65536"
    "memorysetup-temp-allocator-size-cloud-worker=32768"
    "memorysetup-temp-allocator-size-gi-baking-worker=262144"
    "memorysetup-temp-allocator-size-gfx=262144"
Refreshing native plugins compatible for Editor in 84.17 ms, found 3 plugins.
Preloading 0 native plugins for Editor in 0.00 ms.
Initialize engine version: 2021.3.10f1 (1c7d0df0160b)
[Subsystems] Discovering subsystems at path C:/Program Files/Unity/Hub/Editor/2021.3.10f1/Editor/Data/Resources/UnitySubsystems
[Subsystems] Discovering subsystems at path D:/40_석사과정/workspace/dreamer/dreamer/Assets
GfxDevice: creating device client; threaded=0; jobified=0
Direct3D:
    Version:  Direct3D 11.0 [level 11.1]
    Renderer: NVIDIA GeForce GTX 1070 (ID=0x1b81)
    Vendor:   NVIDIA
    VRAM:     8088 MB
    Driver:   27.21.14.6627
Initialize mono
Mono path[0] = 'C:/Program Files/Unity/Hub/Editor/2021.3.10f1/Editor/Data/Managed'
Mono path[1] = 'C:/Program Files/Unity/Hub/Editor/2021.3.10f1/Editor/Data/MonoBleedingEdge/lib/mono/unityjit-win32'
Mono config path = 'C:/Program Files/Unity/Hub/Editor/2021.3.10f1/Editor/Data/MonoBleedingEdge/etc'
Using monoOptions --debugger-agent=transport=dt_socket,embedding=1,server=y,suspend=n,address=127.0.0.1:56648
Begin MonoManager ReloadAssembly
Registering precompiled unity dll's ...
Register platform support module: C:/Program Files/Unity/Hub/Editor/2021.3.10f1/Editor/Data/PlaybackEngines/WebGLSupport/UnityEditor.WebGL.Extensions.dll
Register platform support module: C:/Program Files/Unity/Hub/Editor/2021.3.10f1/Editor/Data/PlaybackEngines/WindowsStandaloneSupport/UnityEditor.WindowsStandalone.Extensions.dll
Registered in 0.017924 seconds.
Native extension for WindowsStandalone target not found
Native extension for WebGL target not found
Refreshing native plugins compatible for Editor in 83.16 ms, found 3 plugins.
Preloading 0 native plugins for Editor in 0.00 ms.
Mono: successfully reloaded assembly
- Completed reload, in  0.698 seconds
Domain Reload Profiling:
	ReloadAssembly (699ms)
		BeginReloadAssembly (99ms)
			ExecutionOrderSort (0ms)
			DisableScriptedObjects (0ms)
			BackupInstance (0ms)
			ReleaseScriptingObjects (0ms)
			CreateAndSetChildDomain (1ms)
		EndReloadAssembly (463ms)
			LoadAssemblies (96ms)
			RebuildTransferFunctionScriptingTraits (0ms)
			SetupTypeCache (103ms)
			ReleaseScriptCaches (0ms)
			RebuildScriptCaches (27ms)
			SetupLoadedEditorAssemblies (278ms)
				LogAssemblyErrors (0ms)
				InitializePlatformSupportModulesInManaged (12ms)
				SetLoadedEditorAssemblies (0ms)
				RefreshPlugins (83ms)
				BeforeProcessingInitializeOnLoad (1ms)
				ProcessInitializeOnLoadAttributes (125ms)
				ProcessInitializeOnLoadMethodAttributes (56ms)
				AfterProcessingInitializeOnLoad (0ms)
				EditorAssembliesLoaded (0ms)
			ExecutionOrderSort2 (0ms)
			AwakeInstancesAfterBackupRestoration (0ms)
Platform modules already initialized, skipping
Registering precompiled user dll's ...
Registered in 0.005430 seconds.
Begin MonoManager ReloadAssembly
Symbol file LoadedFromMemory doesn't match image D:\40_석사과정\workspace\dreamer\dreamer\Library\PackageCache\com.unity.visualscripting@1.7.8\Editor\VisualScripting.Core\Dependencies\YamlDotNet\Unity.VisualScripting.YamlDotNet.dll
Symbol file LoadedFromMemory doesn't match image D:\40_석사과정\workspace\dreamer\dreamer\Library\PackageCache\com.unity.visualscripting@1.7.8\Editor\VisualScripting.Core\Dependencies\DotNetZip\Unity.VisualScripting.IonicZip.dll
Native extension for WindowsStandalone target not found
Native extension for WebGL target not found
Refreshing native plugins compatible for Editor in 0.57 ms, found 3 plugins.
Preloading 0 native plugins for Editor in 0.00 ms.
Mono: successfully reloaded assembly
- Completed reload, in  1.145 seconds
Domain Reload Profiling:
	ReloadAssembly (1150ms)
		BeginReloadAssembly (137ms)
			ExecutionOrderSort (0ms)
			DisableScriptedObjects (5ms)
			BackupInstance (0ms)
			ReleaseScriptingObjects (0ms)
			CreateAndSetChildDomain (22ms)
		EndReloadAssembly (878ms)
			LoadAssemblies (109ms)
			RebuildTransferFunctionScriptingTraits (0ms)
			SetupTypeCache (276ms)
			ReleaseScriptCaches (1ms)
			RebuildScriptCaches (48ms)
			SetupLoadedEditorAssemblies (401ms)
				LogAssemblyErrors (0ms)
				InitializePlatformSupportModulesInManaged (11ms)
				SetLoadedEditorAssemblies (0ms)
				RefreshPlugins (1ms)
				BeforeProcessingInitializeOnLoad (99ms)
				ProcessInitializeOnLoadAttributes (234ms)
				ProcessInitializeOnLoadMethodAttributes (30ms)
				AfterProcessingInitializeOnLoad (26ms)
				EditorAssembliesLoaded (0ms)
			ExecutionOrderSort2 (0ms)
			AwakeInstancesAfterBackupRestoration (20ms)
Platform modules already initialized, skipping
========================================================================
Worker process is ready to serve import requests
Launched and connected shader compiler UnityShaderCompiler.exe after 0.08 seconds
Refreshing native plugins compatible for Editor in 0.52 ms, found 3 plugins.
Preloading 0 native plugins for Editor in 0.00 ms.
Unloading 3390 Unused Serialized files (Serialized files now loaded: 0)
Unloading 27 unused Assets / (113.8 KB). Loaded Objects now: 3847.
Memory consumption went from 116.6 MB to 116.5 MB.
Total: 3.242600 ms (FindLiveObjects: 0.255500 ms CreateObjectMapping: 0.144000 ms MarkObjects: 2.751200 ms  DeleteObjects: 0.091200 ms)

AssetImportParameters requested are different than current active one (requested -> active):
  custom:video-decoder-ogg-theora: a1e56fd34408186e4bbccfd4996cb3dc -> 
  custom:container-muxer-webm: aa71ff27fc2769a1b78a27578f13a17b -> 
  custom:container-demuxer-webm: 4f35f7cbe854078d1ac9338744f61a02 -> 
  custom:video-encoder-webm-vp8: eb34c28f22e8b96e1ab97ce403110664 -> 
  custom:video-codec-MediaFoundation-h265: 746d11721c4dcdbdad8f713fa42b33f4 -> 
  custom:audio-encoder-webm-vorbis: bf7c407c2cedff20999df2af8eb42d56 -> 
  custom:framework-win-MediaFoundation: 216162199b28c13a410421893ffa2e32 -> 
  custom:container-demuxer-ogg: 62fdf1f143b41e24485cea50d1cbac27 -> 
  custom:video-decoder-webm-vp8: 9c59270c3fd7afecdb556c50c9e8de78 -> 
  custom:audio-decoder-ogg-vorbis: bf7c407c2cedff20999df2af8eb42d56 -> 
========================================================================
Received Prepare
Registering precompiled user dll's ...
Registered in 0.005328 seconds.
Begin MonoManager ReloadAssembly
Symbol file LoadedFromMemory doesn't match image D:\40_석사과정\workspace\dreamer\dreamer\Library\PackageCache\com.unity.visualscripting@1.7.8\Editor\VisualScripting.Core\Dependencies\YamlDotNet\Unity.VisualScripting.YamlDotNet.dll
Symbol file LoadedFromMemory doesn't match image D:\40_석사과정\workspace\dreamer\dreamer\Library\PackageCache\com.unity.visualscripting@1.7.8\Editor\VisualScripting.Core\Dependencies\DotNetZip\Unity.VisualScripting.IonicZip.dll
Native extension for WindowsStandalone target not found
Native extension for WebGL target not found
Refreshing native plugins compatible for Editor in 0.52 ms, found 3 plugins.
Preloading 0 native plugins for Editor in 0.00 ms.
Mono: successfully reloaded assembly
- Completed reload, in  1.156 seconds
Domain Reload Profiling:
	ReloadAssembly (1156ms)
		BeginReloadAssembly (175ms)
			ExecutionOrderSort (0ms)
			DisableScriptedObjects (5ms)
			BackupInstance (0ms)
			ReleaseScriptingObjects (0ms)
			CreateAndSetChildDomain (37ms)
		EndReloadAssembly (844ms)
			LoadAssemblies (131ms)
			RebuildTransferFunctionScriptingTraits (0ms)
			SetupTypeCache (324ms)
			ReleaseScriptCaches (1ms)
			RebuildScriptCaches (36ms)
			SetupLoadedEditorAssemblies (340ms)
				LogAssemblyErrors (0ms)
				InitializePlatformSupportModulesInManaged (18ms)
				SetLoadedEditorAssemblies (0ms)
				RefreshPlugins (1ms)
				BeforeProcessingInitializeOnLoad (78ms)
				ProcessInitializeOnLoadAttributes (197ms)
				ProcessInitializeOnLoadMethodAttributes (29ms)
				AfterProcessingInitializeOnLoad (18ms)
				EditorAssembliesLoaded (0ms)
			ExecutionOrderSort2 (0ms)
			AwakeInstancesAfterBackupRestoration (16ms)
Platform modules already initialized, skipping
Refreshing native plugins compatible for Editor in 1.80 ms, found 3 plugins.
Preloading 0 native plugins for Editor in 0.00 ms.
Unloading 3375 Unused Serialized files (Serialized files now loaded: 0)
Unloading 29 unused Assets / (80.2 KB). Loaded Objects now: 3841.
Memory consumption went from 116.2 MB to 116.1 MB.
Total: 3.077300 ms (FindLiveObjects: 0.244600 ms CreateObjectMapping: 0.160000 ms MarkObjects: 2.597600 ms  DeleteObjects: 0.074500 ms)

AssetImportParameters requested are different than current active one (requested -> active):
  custom:video-decoder-ogg-theora: a1e56fd34408186e4bbccfd4996cb3dc -> 
  custom:container-muxer-webm: aa71ff27fc2769a1b78a27578f13a17b -> 
  custom:container-demuxer-webm: 4f35f7cbe854078d1ac9338744f61a02 -> 
  custom:video-encoder-webm-vp8: eb34c28f22e8b96e1ab97ce403110664 -> 
  custom:video-codec-MediaFoundation-h265: 746d11721c4dcdbdad8f713fa42b33f4 -> 
  custom:audio-encoder-webm-vorbis: bf7c407c2cedff20999df2af8eb42d56 -> 
  custom:framework-win-MediaFoundation: 216162199b28c13a410421893ffa2e32 -> 
  custom:container-demuxer-ogg: 62fdf1f143b41e24485cea50d1cbac27 -> 
  custom:video-decoder-webm-vp8: 9c59270c3fd7afecdb556c50c9e8de78 -> 
  custom:audio-decoder-ogg-vorbis: bf7c407c2cedff20999df2af8eb42d56 -> 
========================================================================
Received Import Request.
  Time since last request: 2159032.104388 seconds.
  path: Assets/Scenes/Scene3/Paper_Paper01_BaseColor.png
  artifactKey: Guid(28757900c6f556e4d8f17a371f868498) Importer(815301076,1909f56bfc062723c751e8b465ee728b)
Start importing Assets/Scenes/Scene3/Paper_Paper01_BaseColor.png using Guid(28757900c6f556e4d8f17a371f868498) Importer(815301076,1909f56bfc062723c751e8b465ee728b)  -> (artifact id: '6fa4704ae1362fe77de3834120fe45d1') in 0.135936 seconds 
========================================================================
Received Import Request.
  Time since last request: 0.000032 seconds.
  path: Assets/Scenes/Scene3/Walls_Roughness.png
  artifactKey: Guid(251ae1674cf37f24794350f4a0305a96) Importer(815301076,1909f56bfc062723c751e8b465ee728b)
Start importing Assets/Scenes/Scene3/Walls_Roughness.png using Guid(251ae1674cf37f24794350f4a0305a96) Importer(815301076,1909f56bfc062723c751e8b465ee728b)  -> (artifact id: '426d4e2bb09be1b7ed33ff523ea8f875') in 0.026385 seconds 
========================================================================
Received Import Request.
  Time since last request: 0.000030 seconds.
  path: Assets/Scenes/Scene3/Paper_Paper03_Roughness.png
  artifactKey: Guid(72d764d7bafdb3b4fa8ddfabb7466425) Importer(815301076,1909f56bfc062723c751e8b465ee728b)
Start importing Assets/Scenes/Scene3/Paper_Paper03_Roughness.png using Guid(72d764d7bafdb3b4fa8ddfabb7466425) Importer(815301076,1909f56bfc062723c751e8b465ee728b)  -> (artifact id: '264815aeac2ac0510f1492f35b7a2938') in 0.013037 seconds 
========================================================================
Received Import Request.
  Time since last request: 0.000036 seconds.
  path: Assets/Scenes/Scene3/Photo_AO.png
  artifactKey: Guid(29fc970fd0f00f64298e15827f45fcab) Importer(815301076,1909f56bfc062723c751e8b465ee728b)
Start importing Assets/Scenes/Scene3/Photo_AO.png using Guid(29fc970fd0f00f64298e15827f45fcab) Importer(815301076,1909f56bfc062723c751e8b465ee728b)  -> (artifact id: 'a8cae1b38228f2fd50a4c45a47c790f9') in 0.012975 seconds 
========================================================================
Received Import Request.
  Time since last request: 0.000022 seconds.
  path: Assets/Scenes/Scene3/Photo_Photo_Normal.png
  artifactKey: Guid(ac8514cc20544664ab8fde202fa05251) Importer(815301076,1909f56bfc062723c751e8b465ee728b)
Start importing Assets/Scenes/Scene3/Photo_Photo_Normal.png using Guid(ac8514cc20544664ab8fde202fa05251) Importer(815301076,1909f56bfc062723c751e8b465ee728b)  -> (artifact id: '763fd67ef9d33bcf715d044fb5034d62') in 0.119027 seconds 
========================================================================
Received Import Request.
  Time since last request: 0.000029 seconds.
  path: Assets/Scenes/Scene3/Shelf01_BaseColor.png
  artifactKey: Guid(ccf39b23fcef37448870bedbceb52f85) Importer(815301076,1909f56bfc062723c751e8b465ee728b)
Start importing Assets/Scenes/Scene3/Shelf01_BaseColor.png using Guid(ccf39b23fcef37448870bedbceb52f85) Importer(815301076,1909f56bfc062723c751e8b465ee728b)  -> (artifact id: 'be24d2a00896b528ca7e516ba3841c97') in 0.014153 seconds 
========================================================================
Received Import Request.
  Time since last request: 0.000023 seconds.
  path: Assets/Scenes/Scene3/Walls_BaseColor.png
  artifactKey: Guid(aea9b9889b680cf46b79c71621e07c47) Importer(815301076,1909f56bfc062723c751e8b465ee728b)
Start importing Assets/Scenes/Scene3/Walls_BaseColor.png using Guid(aea9b9889b680cf46b79c71621e07c47) Importer(815301076,1909f56bfc062723c751e8b465ee728b)  -> (artifact id: '3008101ca903970bb7254f46886302a7') in 0.014587 seconds 
========================================================================
Received Import Request.
  Time since last request: 0.000038 seconds.
  path: Assets/Scenes/Scene3/Shelf02_Roughness.png
  artifactKey: Guid(1f2015b539eb4144689e88083ad3c190) Importer(815301076,1909f56bfc062723c751e8b465ee728b)
Start importing Assets/Scenes/Scene3/Shelf02_Roughness.png using Guid(1f2015b539eb4144689e88083ad3c190) Importer(815301076,1909f56bfc062723c751e8b465ee728b)  -> (artifact id: 'a8449d1c6101643d2dd8d05858196a93') in 0.014324 seconds 
========================================================================
Received Import Request.
  Time since last request: 0.000110 seconds.
  path: Assets/Scenes/Scene3/Tape_BaseColor.png
  artifactKey: Guid(0c614dede90282e47b327aa0264585e5) Importer(815301076,1909f56bfc062723c751e8b465ee728b)
Start importing Assets/Scenes/Scene3/Tape_BaseColor.png using Guid(0c614dede90282e47b327aa0264585e5) Importer(815301076,1909f56bfc062723c751e8b465ee728b)  -> (artifact id: '9f981413a60b56f365c133dec22ba5f5') in 0.012706 seconds 
========================================================================
Received Import Request.
  Time since last request: 0.000042 seconds.
  path: Assets/Scenes/Scene3/Paper_Stack_Roughness.png
  artifactKey: Guid(0a5ff6a738932d24aa7ab89986eed06d) Importer(815301076,1909f56bfc062723c751e8b465ee728b)
Start importing Assets/Scenes/Scene3/Paper_Stack_Roughness.png using Guid(0a5ff6a738932d24aa7ab89986eed06d) Importer(815301076,1909f56bfc062723c751e8b465ee728b)  -> (artifact id: 'fbc6c52fb938466a6b9da363338238ed') in 0.013728 seconds 
========================================================================
Received Import Request.
  Time since last request: 0.000032 seconds.
  path: Assets/Scenes/Scene3/PinBoard_BaseColor.png
  artifactKey: Guid(11d9cc93d2c11ce4ba6e778e700198df) Importer(815301076,1909f56bfc062723c751e8b465ee728b)
Start importing Assets/Scenes/Scene3/PinBoard_BaseColor.png using Guid(11d9cc93d2c11ce4ba6e778e700198df) Importer(815301076,1909f56bfc062723c751e8b465ee728b)  -> (artifact id: 'f0a09c776d4de2f4a6b0ce51905ee481') in 0.011820 seconds 
========================================================================
Received Import Request.
  Time since last request: 0.000035 seconds.
  path: Assets/Scenes/Scene3/Tape_Roughness.png
  artifactKey: Guid(99b314b791317c34bb905ff53337ed54) Importer(815301076,1909f56bfc062723c751e8b465ee728b)
Start importing Assets/Scenes/Scene3/Tape_Roughness.png using Guid(99b314b791317c34bb905ff53337ed54) Importer(815301076,1909f56bfc062723c751e8b465ee728b)  -> (artifact id: '53b5ba912001d88bf392fa084d192b4f') in 0.012687 seconds 
========================================================================
Received Import Request.
  Time since last request: 0.000032 seconds.
  path: Assets/Scenes/Scene3/Table_Roughness.png
  artifactKey: Guid(91626afbafb18d040b39b3cf315e0c2c) Importer(815301076,1909f56bfc062723c751e8b465ee728b)
Start importing Assets/Scenes/Scene3/Table_Roughness.png using Guid(91626afbafb18d040b39b3cf315e0c2c) Importer(815301076,1909f56bfc062723c751e8b465ee728b)  -> (artifact id: 'fb45f2278d0e02643e8be3ae4e02cddf') in 0.018603 seconds 
========================================================================
Received Import Request.
  Time since last request: 0.000025 seconds.
  path: Assets/Scenes/Scene3/Water_Cooler_AO.png
  artifactKey: Guid(c2de23b720366814a84a841b683cb239) Importer(815301076,1909f56bfc062723c751e8b465ee728b)
Start importing Assets/Scenes/Scene3/Water_Cooler_AO.png using Guid(c2de23b720366814a84a841b683cb239) Importer(815301076,1909f56bfc062723c751e8b465ee728b)  -> (artifact id: '8ee916655d3454251a96231c944ea069') in 0.013617 seconds 
========================================================================
Received Import Request.
  Time since last request: 0.000023 seconds.
  path: Assets/Scenes/Scene3/Telephone_Telephone_Normal.png
  artifactKey: Guid(9e8f79c4324fc164c80216024b20f34b) Importer(815301076,1909f56bfc062723c751e8b465ee728b)
Start importing Assets/Scenes/Scene3/Telephone_Telephone_Normal.png using Guid(9e8f79c4324fc164c80216024b20f34b) Importer(815301076,1909f56bfc062723c751e8b465ee728b)  -> (artifact id: 'e008176452d15804778e64411031cdbd') in 0.011560 seconds 
========================================================================
Received Import Request.
  Time since last request: 0.000036 seconds.
  path: Assets/Scenes/Scene3/Telephone_Telephone_Roughness.png
  artifactKey: Guid(cc393b0d0eb17024dbf6782ab4122bf4) Importer(815301076,1909f56bfc062723c751e8b465ee728b)
Start importing Assets/Scenes/Scene3/Telephone_Telephone_Roughness.png using Guid(cc393b0d0eb17024dbf6782ab4122bf4) Importer(815301076,1909f56bfc062723c751e8b465ee728b)  -> (artifact id: 'c4455f6c83aac7be237f5cf902e61e6b') in 0.011062 seconds 
========================================================================
Received Import Request.
  Time since last request: 0.000026 seconds.
  path: Assets/Scenes/Scene3/Photo_Photo_BaseColor.png
  artifactKey: Guid(2e55a2fa570ca1a4984c965e629b9db6) Importer(815301076,1909f56bfc062723c751e8b465ee728b)
Start importing Assets/Scenes/Scene3/Photo_Photo_BaseColor.png using Guid(2e55a2fa570ca1a4984c965e629b9db6) Importer(815301076,1909f56bfc062723c751e8b465ee728b)  -> (artifact id: '386205ee62e8a55651ff7cf5f08fef4e') in 0.012676 seconds 
========================================================================
Received Import Request.
  Time since last request: 0.000025 seconds.
  path: Assets/Scenes/Scene3/Paper_Stack_BaseColor.png
  artifactKey: Guid(40587e3e4d13b6b44a136714a17db29a) Importer(815301076,1909f56bfc062723c751e8b465ee728b)
Start importing Assets/Scenes/Scene3/Paper_Stack_BaseColor.png using Guid(40587e3e4d13b6b44a136714a17db29a) Importer(815301076,1909f56bfc062723c751e8b465ee728b)  -> (artifact id: '98f291847b943bf4376edcfb8f3b586f') in 0.012913 seconds 
========================================================================
Received Import Request.
  Time since last request: 0.000028 seconds.
  path: Assets/Scenes/Scene3/PC_Normal.jpeg
  artifactKey: Guid(70548a4e0f4a2754f9d1ab48b2315f59) Importer(815301076,1909f56bfc062723c751e8b465ee728b)
Start importing Assets/Scenes/Scene3/PC_Normal.jpeg using Guid(70548a4e0f4a2754f9d1ab48b2315f59) Importer(815301076,1909f56bfc062723c751e8b465ee728b)  -> (artifact id: 'a7d289bf62ef7a5ea22920446d20651a') in 0.035192 seconds 
========================================================================
Received Import Request.
  Time since last request: 0.000034 seconds.
  path: Assets/Scenes/Scene3/Paper_Paper01_Roughness.png
  artifactKey: Guid(5df9672c11640bb42a72212280fb7770) Importer(815301076,1909f56bfc062723c751e8b465ee728b)
Start importing Assets/Scenes/Scene3/Paper_Paper01_Roughness.png using Guid(5df9672c11640bb42a72212280fb7770) Importer(815301076,1909f56bfc062723c751e8b465ee728b)  -> (artifact id: '2b8d9178875b2103c1ec094c329977ea') in 0.013937 seconds 
========================================================================
Received Import Request.
  Time since last request: 0.499284 seconds.
  path: Assets/Scenes/Scene3/Keyboard_Roughness.png
  artifactKey: Guid(29a6f54b6c860d84eaf2ed90dcb87244) Importer(815301076,1909f56bfc062723c751e8b465ee728b)
Start importing Assets/Scenes/Scene3/Keyboard_Roughness.png using Guid(29a6f54b6c860d84eaf2ed90dcb87244) Importer(815301076,1909f56bfc062723c751e8b465ee728b)  -> (artifact id: 'f5ab1f2c05e75744be41e10846b89db6') in 0.014907 seconds 
========================================================================
Received Import Request.
  Time since last request: 0.000028 seconds.
  path: Assets/Scenes/Scene3/Lamp_Metallic.png
  artifactKey: Guid(7aaf726b9291b154aa2e82aecfdaf125) Importer(815301076,1909f56bfc062723c751e8b465ee728b)
Start importing Assets/Scenes/Scene3/Lamp_Metallic.png using Guid(7aaf726b9291b154aa2e82aecfdaf125) Importer(815301076,1909f56bfc062723c751e8b465ee728b)  -> (artifact id: 'ff47e0c9b5aa29399966cfba5ae045f1') in 0.013255 seconds 
========================================================================
Received Import Request.
  Time since last request: 0.000029 seconds.
  path: Assets/Scenes/Scene3/Paper_Cup_BaseColor.png
  artifactKey: Guid(36fe372a7805e37439b175439e6158f5) Importer(815301076,1909f56bfc062723c751e8b465ee728b)
Start importing Assets/Scenes/Scene3/Paper_Cup_BaseColor.png using Guid(36fe372a7805e37439b175439e6158f5) Importer(815301076,1909f56bfc062723c751e8b465ee728b)  -> (artifact id: '73b3ea18557ab284c3beec11a5959e9e') in 0.014557 seconds 
========================================================================
Received Import Request.
  Time since last request: 0.000024 seconds.
  path: Assets/Scenes/Scene3/Mug_Roughness.png
  artifactKey: Guid(1eb4690b89a23c54384ae953594dd193) Importer(815301076,1909f56bfc062723c751e8b465ee728b)
Start importing Assets/Scenes/Scene3/Mug_Roughness.png using Guid(1eb4690b89a23c54384ae953594dd193) Importer(815301076,1909f56bfc062723c751e8b465ee728b)  -> (artifact id: 'a12d1fd2f3014d8428c8ab5f33b4e310') in 0.013236 seconds 
========================================================================
Received Import Request.
  Time since last request: 0.000032 seconds.
  path: Assets/Scenes/Scene3/File_Stand_Roughness.png
  artifactKey: Guid(a6a3710571dbaa64f9f98de6b5abf7ac) Importer(815301076,1909f56bfc062723c751e8b465ee728b)
Start importing Assets/Scenes/Scene3/File_Stand_Roughness.png using Guid(a6a3710571dbaa64f9f98de6b5abf7ac) Importer(815301076,1909f56bfc062723c751e8b465ee728b)  -> (artifact id: '9d105401e551b89b68e4b86f3dbe5f68') in 0.011625 seconds 
========================================================================
Received Import Request.
  Time since last request: 0.000024 seconds.
  path: Assets/Scenes/Scene3/File04_Normal.png
  artifactKey: Guid(1ed0b051d7ca26c498059278a2ae5f92) Importer(815301076,1909f56bfc062723c751e8b465ee728b)
Start importing Assets/Scenes/Scene3/File04_Normal.png using Guid(1ed0b051d7ca26c498059278a2ae5f92) Importer(815301076,1909f56bfc062723c751e8b465ee728b)  -> (artifact id: '62839b38366c9516af6672281edfb034') in 0.012679 seconds 
========================================================================
Received Import Request.
  Time since last request: 0.000032 seconds.
  path: Assets/Scenes/Scene3/File_Stand_BaseColor.png
  artifactKey: Guid(06108a3ff7c6c654d9654141899326a0) Importer(815301076,1909f56bfc062723c751e8b465ee728b)
Start importing Assets/Scenes/Scene3/File_Stand_BaseColor.png using Guid(06108a3ff7c6c654d9654141899326a0) Importer(815301076,1909f56bfc062723c751e8b465ee728b)  -> (artifact id: '0fd5f7c15ecfa5710ed866b240424024') in 0.013894 seconds 
========================================================================
Received Import Request.
  Time since last request: 0.000030 seconds.
  path: Assets/Scenes/Scene3/File_Storage_BaseColor.png
  artifactKey: Guid(4f77f81fa3bf1504890cf70c6680237d) Importer(815301076,1909f56bfc062723c751e8b465ee728b)
Start importing Assets/Scenes/Scene3/File_Storage_BaseColor.png using Guid(4f77f81fa3bf1504890cf70c6680237d) Importer(815301076,1909f56bfc062723c751e8b465ee728b)  -> (artifact id: '439657a9d7c77b66efdaced47b2f6a7f') in 0.012562 seconds 
========================================================================
Received Import Request.
  Time since last request: 0.000039 seconds.
  path: Assets/Scenes/Scene3/File_Stack_Roughness.png
  artifactKey: Guid(f9ec82dfe9bf98b418cffb34c284caf4) Importer(815301076,1909f56bfc062723c751e8b465ee728b)
Start importing Assets/Scenes/Scene3/File_Stack_Roughness.png using Guid(f9ec82dfe9bf98b418cffb34c284caf4) Importer(815301076,1909f56bfc062723c751e8b465ee728b)  -> (artifact id: '6330b9fc4e6de54bc262b1f77cf793b7') in 0.011723 seconds 
========================================================================
Received Import Request.
  Time since last request: 0.000030 seconds.
  path: Assets/Scenes/Scene3/Lamp_Normal.png
  artifactKey: Guid(5b6e0691b0532ae43b5f1f70d87cf1c1) Importer(815301076,1909f56bfc062723c751e8b465ee728b)
Start importing Assets/Scenes/Scene3/Lamp_Normal.png using Guid(5b6e0691b0532ae43b5f1f70d87cf1c1) Importer(815301076,1909f56bfc062723c751e8b465ee728b)  -> (artifact id: '69efd89de9dad0a031fe50a7459a2200') in 0.014408 seconds 
========================================================================
Received Import Request.
  Time since last request: 0.000029 seconds.
  path: Assets/Scenes/Scene3/Mug_AO.png
  artifactKey: Guid(5d5e869df39528c4fb1bc68b5a46e72b) Importer(815301076,1909f56bfc062723c751e8b465ee728b)
Start importing Assets/Scenes/Scene3/Mug_AO.png using Guid(5d5e869df39528c4fb1bc68b5a46e72b) Importer(815301076,1909f56bfc062723c751e8b465ee728b)  -> (artifact id: '97c35f5eaeddf8a63f1bb3eb4cee4b1b') in 0.013851 seconds 
========================================================================
Received Import Request.
  Time since last request: 0.000030 seconds.
  path: Assets/Scenes/Scene3/Mug_BaseColor.png
  artifactKey: Guid(2ec2db6fa25b53b42874a9c42e3f7d30) Importer(815301076,1909f56bfc062723c751e8b465ee728b)
Start importing Assets/Scenes/Scene3/Mug_BaseColor.png using Guid(2ec2db6fa25b53b42874a9c42e3f7d30) Importer(815301076,1909f56bfc062723c751e8b465ee728b)  -> (artifact id: '2b6bdccbdb72031278433ec60c34e844') in 0.014015 seconds 
========================================================================
Received Import Request.
  Time since last request: 0.000024 seconds.
  path: Assets/Scenes/Scene3/File_Storage_AO.png
  artifactKey: Guid(2560f5c6f7817ba4186de220b40b0020) Importer(815301076,1909f56bfc062723c751e8b465ee728b)
Start importing Assets/Scenes/Scene3/File_Storage_AO.png using Guid(2560f5c6f7817ba4186de220b40b0020) Importer(815301076,1909f56bfc062723c751e8b465ee728b)  -> (artifact id: 'dcdac95d6b8fff48eb008f82c6e2c7b9') in 0.010433 seconds 
========================================================================
Received Import Request.
  Time since last request: 0.000032 seconds.
  path: Assets/Scenes/Scene3/File04_BaseColor.png
  artifactKey: Guid(ba7eb77a87854e3418bd7a6881b4e578) Importer(815301076,1909f56bfc062723c751e8b465ee728b)
Start importing Assets/Scenes/Scene3/File04_BaseColor.png using Guid(ba7eb77a87854e3418bd7a6881b4e578) Importer(815301076,1909f56bfc062723c751e8b465ee728b)  -> (artifact id: '22f5ed57cd11a3134b81f0f422699eed') in 0.013504 seconds 
========================================================================
Received Import Request.
  Time since last request: 0.092104 seconds.
  path: Assets/Scenes/Scene3/File01_AO.png
  artifactKey: Guid(e4d7991491e7af34c8cb264c7bfcd343) Importer(815301076,1909f56bfc062723c751e8b465ee728b)
Start importing Assets/Scenes/Scene3/File01_AO.png using Guid(e4d7991491e7af34c8cb264c7bfcd343) Importer(815301076,1909f56bfc062723c751e8b465ee728b)  -> (artifact id: '0fde4d7c34007285d28c05330737effa') in 0.012240 seconds 
========================================================================
Received Import Request.
  Time since last request: 0.000028 seconds.
  path: Assets/Scenes/Scene3/File01_Normal.png
  artifactKey: Guid(65d04fbc4e2e38c45b87347b9d887bf7) Importer(815301076,1909f56bfc062723c751e8b465ee728b)
Start importing Assets/Scenes/Scene3/File01_Normal.png using Guid(65d04fbc4e2e38c45b87347b9d887bf7) Importer(815301076,1909f56bfc062723c751e8b465ee728b)  -> (artifact id: '275b029ed1d022c18a9410708ecb6f1f') in 0.012917 seconds 
========================================================================
Received Import Request.
  Time since last request: 0.000024 seconds.
  path: Assets/Scenes/Scene3/File01_Roughness.png
  artifactKey: Guid(215e2f98fc3698547ab296c801828871) Importer(815301076,1909f56bfc062723c751e8b465ee728b)
Start importing Assets/Scenes/Scene3/File01_Roughness.png using Guid(215e2f98fc3698547ab296c801828871) Importer(815301076,1909f56bfc062723c751e8b465ee728b)  -> (artifact id: 'c9477a016bf06eab941821fad7c6e969') in 0.011463 seconds 
========================================================================
Received Import Request.
  Time since last request: 0.000025 seconds.
  path: Assets/Scenes/Scene3/File02_Normal.png
  artifactKey: Guid(4ac0223e1bc88d74a93fbf813c9416c2) Importer(815301076,1909f56bfc062723c751e8b465ee728b)
Start importing Assets/Scenes/Scene3/File02_Normal.png using Guid(4ac0223e1bc88d74a93fbf813c9416c2) Importer(815301076,1909f56bfc062723c751e8b465ee728b)  -> (artifact id: '80dd7d019b64b1f952744dfa8d3be59a') in 0.012925 seconds 
========================================================================
Received Import Request.
  Time since last request: 0.000026 seconds.
  path: Assets/Scenes/Scene3/Cactus_Normal.png
  artifactKey: Guid(f77ef9020e55a3141b526ebd40050c98) Importer(815301076,1909f56bfc062723c751e8b465ee728b)
Start importing Assets/Scenes/Scene3/Cactus_Normal.png using Guid(f77ef9020e55a3141b526ebd40050c98) Importer(815301076,1909f56bfc062723c751e8b465ee728b)  -> (artifact id: 'ba900a0cf74317493a35d914de67f454') in 0.011416 seconds 
========================================================================
Received Import Request.
  Time since last request: 0.000022 seconds.
  path: Assets/Scenes/Scene3/Big_Bottle_AO.png
  artifactKey: Guid(0cd86efaafca7524f8537cb8f0ab731c) Importer(815301076,1909f56bfc062723c751e8b465ee728b)
Start importing Assets/Scenes/Scene3/Big_Bottle_AO.png using Guid(0cd86efaafca7524f8537cb8f0ab731c) Importer(815301076,1909f56bfc062723c751e8b465ee728b)  -> (artifact id: '045765f66cfb3e654b22547de6716bdd') in 0.012120 seconds 
========================================================================
Received Import Request.
  Time since last request: 0.000027 seconds.
  path: Assets/Scenes/Scene3/Cactus_BaseColor.png
  artifactKey: Guid(bf7cb38d0ae6b2648b5cf9d5bbb5f479) Importer(815301076,1909f56bfc062723c751e8b465ee728b)
Start importing Assets/Scenes/Scene3/Cactus_BaseColor.png using Guid(bf7cb38d0ae6b2648b5cf9d5bbb5f479) Importer(815301076,1909f56bfc062723c751e8b465ee728b)  -> (artifact id: '106af95e488506a476b6b3615b087d0b') in 0.015684 seconds 
========================================================================
Received Import Request.
  Time since last request: 0.000034 seconds.
  path: Assets/Scenes/Scene3/Drawer_BaseColor.png
  artifactKey: Guid(26d8133c51ce9d54aab3e69311a95631) Importer(815301076,1909f56bfc062723c751e8b465ee728b)
Start importing Assets/Scenes/Scene3/Drawer_BaseColor.png using Guid(26d8133c51ce9d54aab3e69311a95631) Importer(815301076,1909f56bfc062723c751e8b465ee728b)  -> (artifact id: '6858befc29b0932c3bc15f7297760b25') in 0.014214 seconds 
========================================================================
Received Import Request.
  Time since last request: 0.000022 seconds.
  path: Assets/Scenes/Scene3/File02_Roughness.png
  artifactKey: Guid(153c09744a26653429575aab351af731) Importer(815301076,1909f56bfc062723c751e8b465ee728b)
Start importing Assets/Scenes/Scene3/File02_Roughness.png using Guid(153c09744a26653429575aab351af731) Importer(815301076,1909f56bfc062723c751e8b465ee728b)  -> (artifact id: 'c305a1401a52a3b4cfba63e57d8c344b') in 0.014603 seconds 
========================================================================
Received Import Request.
  Time since last request: 0.000030 seconds.
  path: Assets/Scenes/Scene3/File02_BaseColor.png
  artifactKey: Guid(562949a736bc1f04b9eba57230f33a2b) Importer(815301076,1909f56bfc062723c751e8b465ee728b)
Start importing Assets/Scenes/Scene3/File02_BaseColor.png using Guid(562949a736bc1f04b9eba57230f33a2b) Importer(815301076,1909f56bfc062723c751e8b465ee728b)  -> (artifact id: '87ff069cc65249ed2f55b29f91cf5b8f') in 0.010530 seconds 
========================================================================
Received Import Request.
  Time since last request: 0.000035 seconds.
  path: Assets/Scenes/Scene3/Box_BaseColor.png
  artifactKey: Guid(a5048cb6a8e12244fab27b4daf374e80) Importer(815301076,1909f56bfc062723c751e8b465ee728b)
Start importing Assets/Scenes/Scene3/Box_BaseColor.png using Guid(a5048cb6a8e12244fab27b4daf374e80) Importer(815301076,1909f56bfc062723c751e8b465ee728b)  -> (artifact id: '0ecb7200f893665455878e527a57b26e') in 0.011511 seconds 
========================================================================
Received Import Request.
  Time since last request: 0.000026 seconds.
  path: Assets/Scenes/Scene3/Big_Wallpaper_BaseColor.png
  artifactKey: Guid(7189273ade9a0e348aa327ac8b0aaeda) Importer(815301076,1909f56bfc062723c751e8b465ee728b)
Start importing Assets/Scenes/Scene3/Big_Wallpaper_BaseColor.png using Guid(7189273ade9a0e348aa327ac8b0aaeda) Importer(815301076,1909f56bfc062723c751e8b465ee728b)  -> (artifact id: '438c24a80df5c1500d7bf7786320bf67') in 0.014888 seconds 
========================================================================
Received Import Request.
  Time since last request: 0.000027 seconds.
  path: Assets/Scenes/Scene3/Big_Bottle_BaseColor.png
  artifactKey: Guid(d0cb7b3260c24af4bb83972d1ec0a0bc) Importer(815301076,1909f56bfc062723c751e8b465ee728b)
Start importing Assets/Scenes/Scene3/Big_Bottle_BaseColor.png using Guid(d0cb7b3260c24af4bb83972d1ec0a0bc) Importer(815301076,1909f56bfc062723c751e8b465ee728b)  -> (artifact id: '860fb1478a789796bc309320abfc951d') in 0.012118 seconds 
========================================================================
Received Import Request.
  Time since last request: 0.000022 seconds.
  path: Assets/Scenes/Scene3/File03_AO.png
  artifactKey: Guid(40c1ad20e10fa024984bc1f7b97a8e67) Importer(815301076,1909f56bfc062723c751e8b465ee728b)
Start importing Assets/Scenes/Scene3/File03_AO.png using Guid(40c1ad20e10fa024984bc1f7b97a8e67) Importer(815301076,1909f56bfc062723c751e8b465ee728b)  -> (artifact id: '1f767af25810f2f6461a17f28da736ef') in 0.015839 seconds 
Editor requested this worker to shutdown with reason: Scaling down because of idle timeout
AssetImportWorker is now disconnected from the server
Process exiting
Exiting without the bug reporter. Application will terminate with return code 0