Using pre-set license
Built from '2021.3/staging' branch; Version is '2021.3.10f1 (1c7d0df0160b) revision 1867021'; Using compiler version '192829333'; Build Type 'Release'
OS: 'Windows 10  (10.0.19043) 64bit Professional' Language: 'ko' Physical Memory: 32684 MB
BatchMode: 1, IsHumanControllingUs: 0, StartBugReporterOnCrash: 0, Is64bit: 1, IsPro: 1

COMMAND LINE ARGUMENTS:
C:\Program Files\Unity\Hub\Editor\2021.3.10f1\Editor\Unity.exe
-adb2
-batchMode
-noUpm
-name
AssetImportWorker5
-projectPath
D:/40_석사과정/workspace/dreamer/dreamer
-logFile
Logs/AssetImportWorker5.log
-srvPort
63175
Successfully changed project path to: D:/40_석사과정/workspace/dreamer/dreamer
D:/40_석사과정/workspace/dreamer/dreamer
[UnityMemory] Configuration Parameters - Can be set up in boot.config
    "memorysetup-bucket-allocator-granularity=16"
    "memorysetup-bucket-allocator-bucket-count=8"
    "memorysetup-bucket-allocator-block-size=33554432"
    "memorysetup-bucket-allocator-block-count=8"
    "memorysetup-main-allocator-block-size=16777216"
    "memorysetup-thread-allocator-block-size=16777216"
    "memorysetup-gfx-main-allocator-block-size=16777216"
    "memorysetup-gfx-thread-allocator-block-size=16777216"
    "memorysetup-cache-allocator-block-size=4194304"
    "memorysetup-typetree-allocator-block-size=2097152"
    "memorysetup-profiler-bucket-allocator-granularity=16"
    "memorysetup-profiler-bucket-allocator-bucket-count=8"
    "memorysetup-profiler-bucket-allocator-block-size=33554432"
    "memorysetup-profiler-bucket-allocator-block-count=8"
    "memorysetup-profiler-allocator-block-size=16777216"
    "memorysetup-profiler-editor-allocator-block-size=1048576"
    "memorysetup-temp-allocator-size-main=16777216"
    "memorysetup-job-temp-allocator-block-size=2097152"
    "memorysetup-job-temp-allocator-block-size-background=1048576"
    "memorysetup-job-temp-allocator-reduction-small-platforms=262144"
    "memorysetup-temp-allocator-size-background-worker=32768"
    "memorysetup-temp-allocator-size-job-worker=262144"
    "memorysetup-temp-allocator-size-preload-manager=33554432"
    "memorysetup-temp-allocator-size-nav-mesh-worker=65536"
    "memorysetup-temp-allocator-size-audio-worker=65536"
    "memorysetup-temp-allocator-size-cloud-worker=32768"
    "memorysetup-temp-allocator-size-gi-baking-worker=262144"
    "memorysetup-temp-allocator-size-gfx=262144"
Refreshing native plugins compatible for Editor in 105.81 ms, found 3 plugins.
Preloading 0 native plugins for Editor in 0.00 ms.
Initialize engine version: 2021.3.10f1 (1c7d0df0160b)
[Subsystems] Discovering subsystems at path C:/Program Files/Unity/Hub/Editor/2021.3.10f1/Editor/Data/Resources/UnitySubsystems
[Subsystems] Discovering subsystems at path D:/40_석사과정/workspace/dreamer/dreamer/Assets
GfxDevice: creating device client; threaded=0; jobified=0
Direct3D:
    Version:  Direct3D 11.0 [level 11.1]
    Renderer: NVIDIA GeForce GTX 1070 (ID=0x1b81)
    Vendor:   NVIDIA
    VRAM:     8088 MB
    Driver:   27.21.14.6627
Initialize mono
Mono path[0] = 'C:/Program Files/Unity/Hub/Editor/2021.3.10f1/Editor/Data/Managed'
Mono path[1] = 'C:/Program Files/Unity/Hub/Editor/2021.3.10f1/Editor/Data/MonoBleedingEdge/lib/mono/unityjit-win32'
Mono config path = 'C:/Program Files/Unity/Hub/Editor/2021.3.10f1/Editor/Data/MonoBleedingEdge/etc'
Using monoOptions --debugger-agent=transport=dt_socket,embedding=1,server=y,suspend=n,address=127.0.0.1:56356
Begin MonoManager ReloadAssembly
Registering precompiled unity dll's ...
Register platform support module: C:/Program Files/Unity/Hub/Editor/2021.3.10f1/Editor/Data/PlaybackEngines/WebGLSupport/UnityEditor.WebGL.Extensions.dll
Register platform support module: C:/Program Files/Unity/Hub/Editor/2021.3.10f1/Editor/Data/PlaybackEngines/WindowsStandaloneSupport/UnityEditor.WindowsStandalone.Extensions.dll
Registered in 0.018643 seconds.
Native extension for WindowsStandalone target not found
Native extension for WebGL target not found
Refreshing native plugins compatible for Editor in 80.66 ms, found 3 plugins.
Preloading 0 native plugins for Editor in 0.00 ms.
Mono: successfully reloaded assembly
- Completed reload, in  0.733 seconds
Domain Reload Profiling:
	ReloadAssembly (734ms)
		BeginReloadAssembly (139ms)
			ExecutionOrderSort (0ms)
			DisableScriptedObjects (0ms)
			BackupInstance (0ms)
			ReleaseScriptingObjects (0ms)
			CreateAndSetChildDomain (1ms)
		EndReloadAssembly (453ms)
			LoadAssemblies (133ms)
			RebuildTransferFunctionScriptingTraits (0ms)
			SetupTypeCache (106ms)
			ReleaseScriptCaches (0ms)
			RebuildScriptCaches (28ms)
			SetupLoadedEditorAssemblies (265ms)
				LogAssemblyErrors (0ms)
				InitializePlatformSupportModulesInManaged (13ms)
				SetLoadedEditorAssemblies (0ms)
				RefreshPlugins (81ms)
				BeforeProcessingInitializeOnLoad (1ms)
				ProcessInitializeOnLoadAttributes (117ms)
				ProcessInitializeOnLoadMethodAttributes (52ms)
				AfterProcessingInitializeOnLoad (0ms)
				EditorAssembliesLoaded (0ms)
			ExecutionOrderSort2 (0ms)
			AwakeInstancesAfterBackupRestoration (0ms)
Platform modules already initialized, skipping
Registering precompiled user dll's ...
Registered in 0.005634 seconds.
Begin MonoManager ReloadAssembly
Symbol file LoadedFromMemory doesn't match image D:\40_석사과정\workspace\dreamer\dreamer\Library\PackageCache\com.unity.visualscripting@1.7.8\Editor\VisualScripting.Core\Dependencies\YamlDotNet\Unity.VisualScripting.YamlDotNet.dll
Symbol file LoadedFromMemory doesn't match image D:\40_석사과정\workspace\dreamer\dreamer\Library\PackageCache\com.unity.visualscripting@1.7.8\Editor\VisualScripting.Core\Dependencies\DotNetZip\Unity.VisualScripting.IonicZip.dll
Native extension for WindowsStandalone target not found
Native extension for WebGL target not found
Refreshing native plugins compatible for Editor in 0.61 ms, found 3 plugins.
Preloading 0 native plugins for Editor in 0.00 ms.
Mono: successfully reloaded assembly
- Completed reload, in  1.107 seconds
Domain Reload Profiling:
	ReloadAssembly (1108ms)
		BeginReloadAssembly (133ms)
			ExecutionOrderSort (0ms)
			DisableScriptedObjects (6ms)
			BackupInstance (0ms)
			ReleaseScriptingObjects (0ms)
			CreateAndSetChildDomain (19ms)
		EndReloadAssembly (848ms)
			LoadAssemblies (111ms)
			RebuildTransferFunctionScriptingTraits (0ms)
			SetupTypeCache (276ms)
			ReleaseScriptCaches (1ms)
			RebuildScriptCaches (50ms)
			SetupLoadedEditorAssemblies (385ms)
				LogAssemblyErrors (0ms)
				InitializePlatformSupportModulesInManaged (11ms)
				SetLoadedEditorAssemblies (1ms)
				RefreshPlugins (1ms)
				BeforeProcessingInitializeOnLoad (97ms)
				ProcessInitializeOnLoadAttributes (224ms)
				ProcessInitializeOnLoadMethodAttributes (34ms)
				AfterProcessingInitializeOnLoad (17ms)
				EditorAssembliesLoaded (0ms)
			ExecutionOrderSort2 (0ms)
			AwakeInstancesAfterBackupRestoration (15ms)
Platform modules already initialized, skipping
========================================================================
Worker process is ready to serve import requests
Launched and connected shader compiler UnityShaderCompiler.exe after 0.07 seconds
Refreshing native plugins compatible for Editor in 0.65 ms, found 3 plugins.
Preloading 0 native plugins for Editor in 0.00 ms.
Unloading 3380 Unused Serialized files (Serialized files now loaded: 0)
Unloading 27 unused Assets / (113.4 KB). Loaded Objects now: 3838.
Memory consumption went from 116.6 MB to 116.5 MB.
Total: 2.999400 ms (FindLiveObjects: 0.267600 ms CreateObjectMapping: 0.183300 ms MarkObjects: 2.437900 ms  DeleteObjects: 0.109400 ms)

AssetImportParameters requested are different than current active one (requested -> active):
  custom:video-decoder-ogg-theora: a1e56fd34408186e4bbccfd4996cb3dc -> 
  custom:container-muxer-webm: aa71ff27fc2769a1b78a27578f13a17b -> 
  custom:container-demuxer-webm: 4f35f7cbe854078d1ac9338744f61a02 -> 
  custom:video-encoder-webm-vp8: eb34c28f22e8b96e1ab97ce403110664 -> 
  custom:video-codec-MediaFoundation-h265: 746d11721c4dcdbdad8f713fa42b33f4 -> 
  custom:audio-encoder-webm-vorbis: bf7c407c2cedff20999df2af8eb42d56 -> 
  custom:framework-win-MediaFoundation: 216162199b28c13a410421893ffa2e32 -> 
  custom:container-demuxer-ogg: 62fdf1f143b41e24485cea50d1cbac27 -> 
  custom:video-decoder-webm-vp8: 9c59270c3fd7afecdb556c50c9e8de78 -> 
  custom:audio-decoder-ogg-vorbis: bf7c407c2cedff20999df2af8eb42d56 -> 
========================================================================
Received Import Request.
  Time since last request: 2159796.664701 seconds.
  path: Assets/Resources/Modelings/Office_Texture/Big_Bottle_Roughness.png
  artifactKey: Guid(1b606c8d0664ed042a7dccfcae77b877) Importer(815301076,1909f56bfc062723c751e8b465ee728b)
Start importing Assets/Resources/Modelings/Office_Texture/Big_Bottle_Roughness.png using Guid(1b606c8d0664ed042a7dccfcae77b877) Importer(815301076,1909f56bfc062723c751e8b465ee728b)  -> (artifact id: '37d41071a96aa58d6cefb6b548a7761d') in 0.290295 seconds 
========================================================================
Received Import Request.
  Time since last request: 0.000067 seconds.
  path: Assets/Resources/Modelings/Office_Texture/File_Stand_BaseColor.png
  artifactKey: Guid(da6ca6f63a4a2894e850e9c610f92013) Importer(815301076,1909f56bfc062723c751e8b465ee728b)
Start importing Assets/Resources/Modelings/Office_Texture/File_Stand_BaseColor.png using Guid(da6ca6f63a4a2894e850e9c610f92013) Importer(815301076,1909f56bfc062723c751e8b465ee728b)  -> (artifact id: '4a7fd21a80715fd257885cb90d974734') in 0.013666 seconds 
========================================================================
Received Import Request.
  Time since last request: 0.000034 seconds.
  path: Assets/Resources/Modelings/Office_Texture/Lamp_Roughness.png
  artifactKey: Guid(a454936739b86074eb5d4b7e60bbf286) Importer(815301076,1909f56bfc062723c751e8b465ee728b)
Start importing Assets/Resources/Modelings/Office_Texture/Lamp_Roughness.png using Guid(a454936739b86074eb5d4b7e60bbf286) Importer(815301076,1909f56bfc062723c751e8b465ee728b)  -> (artifact id: 'a7ffecd07a2b383501e0c403d369745c') in 0.013211 seconds 
========================================================================
Received Import Request.
  Time since last request: 0.000016 seconds.
  path: Assets/Resources/Modelings/Office_Texture/Drawer_BaseColor.png
  artifactKey: Guid(c24c767cd6cd1b64ca7d7dadfc885421) Importer(815301076,1909f56bfc062723c751e8b465ee728b)
Start importing Assets/Resources/Modelings/Office_Texture/Drawer_BaseColor.png using Guid(c24c767cd6cd1b64ca7d7dadfc885421) Importer(815301076,1909f56bfc062723c751e8b465ee728b)  -> (artifact id: '98bc55e0e6e1ec70a99dd8906230dc7c') in 0.019545 seconds 
========================================================================
Received Import Request.
  Time since last request: 0.000031 seconds.
  path: Assets/Resources/Modelings/Office_Texture/Paper_Cup_Roughness.png
  artifactKey: Guid(fb8f0d3de3fd79d408d83676715b23c1) Importer(815301076,1909f56bfc062723c751e8b465ee728b)
Start importing Assets/Resources/Modelings/Office_Texture/Paper_Cup_Roughness.png using Guid(fb8f0d3de3fd79d408d83676715b23c1) Importer(815301076,1909f56bfc062723c751e8b465ee728b)  -> (artifact id: '7481d47278fa6b999885ee517a7f8394') in 0.008745 seconds 
========================================================================
Received Import Request.
  Time since last request: 0.000022 seconds.
  path: Assets/Resources/Modelings/Office_Texture/Paper_Paper01_BaseColor.png
  artifactKey: Guid(ab40582701641ec4f9e0550ff0b8b5aa) Importer(815301076,1909f56bfc062723c751e8b465ee728b)
Start importing Assets/Resources/Modelings/Office_Texture/Paper_Paper01_BaseColor.png using Guid(ab40582701641ec4f9e0550ff0b8b5aa) Importer(815301076,1909f56bfc062723c751e8b465ee728b)  -> (artifact id: 'eeaf45fc742a5264f45eb0648aee29eb') in 0.009512 seconds 
========================================================================
Received Import Request.
  Time since last request: 0.000019 seconds.
  path: Assets/Resources/Modelings/Office_Texture/Pencil_Roughness.png
  artifactKey: Guid(c12edebd662a7a94b8542bc764d6ab05) Importer(815301076,1909f56bfc062723c751e8b465ee728b)
Start importing Assets/Resources/Modelings/Office_Texture/Pencil_Roughness.png using Guid(c12edebd662a7a94b8542bc764d6ab05) Importer(815301076,1909f56bfc062723c751e8b465ee728b)  -> (artifact id: '344d2de9f94f410c2b95c29d19785145') in 0.009001 seconds 
========================================================================
Received Import Request.
  Time since last request: 0.000023 seconds.
  path: Assets/Resources/Modelings/Office_Texture/File03_BaseColor.png
  artifactKey: Guid(54eb0b18ad3cc5842b4fe8467b9cec85) Importer(815301076,1909f56bfc062723c751e8b465ee728b)
Start importing Assets/Resources/Modelings/Office_Texture/File03_BaseColor.png using Guid(54eb0b18ad3cc5842b4fe8467b9cec85) Importer(815301076,1909f56bfc062723c751e8b465ee728b)  -> (artifact id: '3cc4792a21f6213eb45199418d7ed5c7') in 0.012844 seconds 
========================================================================
Received Import Request.
  Time since last request: 0.000024 seconds.
  path: Assets/Resources/Modelings/Office_Texture/File_Storage_AO.png
  artifactKey: Guid(2290cf0fa2928a44e97482c8b28ded0f) Importer(815301076,1909f56bfc062723c751e8b465ee728b)
Start importing Assets/Resources/Modelings/Office_Texture/File_Storage_AO.png using Guid(2290cf0fa2928a44e97482c8b28ded0f) Importer(815301076,1909f56bfc062723c751e8b465ee728b)  -> (artifact id: '6d07929f6743cbdd22870f6518feab9f') in 0.013696 seconds 
========================================================================
Received Import Request.
  Time since last request: 0.000021 seconds.
  path: Assets/Resources/Modelings/Office_Texture/Paper_Paper01_Roughness.png
  artifactKey: Guid(fd78ee732a8e43347930457be2d9551f) Importer(815301076,1909f56bfc062723c751e8b465ee728b)
Start importing Assets/Resources/Modelings/Office_Texture/Paper_Paper01_Roughness.png using Guid(fd78ee732a8e43347930457be2d9551f) Importer(815301076,1909f56bfc062723c751e8b465ee728b)  -> (artifact id: '0378ba86d4b2125a0f4b27d9475eca5e') in 0.012996 seconds 
========================================================================
Received Import Request.
  Time since last request: 0.000029 seconds.
  path: Assets/Resources/Modelings/Office_Texture/File04_BaseColor.png
  artifactKey: Guid(26eb748f2e6e67247b197f40cd2c217c) Importer(815301076,1909f56bfc062723c751e8b465ee728b)
Start importing Assets/Resources/Modelings/Office_Texture/File04_BaseColor.png using Guid(26eb748f2e6e67247b197f40cd2c217c) Importer(815301076,1909f56bfc062723c751e8b465ee728b)  -> (artifact id: 'efd9ddd48df349c7c822ba6176e68c95') in 0.013753 seconds 
========================================================================
Received Import Request.
  Time since last request: 0.000027 seconds.
  path: Assets/Resources/Modelings/Office_Texture/Mug_AO.png
  artifactKey: Guid(641d49aaafccf024f937a0e3528f2680) Importer(815301076,1909f56bfc062723c751e8b465ee728b)
Start importing Assets/Resources/Modelings/Office_Texture/Mug_AO.png using Guid(641d49aaafccf024f937a0e3528f2680) Importer(815301076,1909f56bfc062723c751e8b465ee728b)  -> (artifact id: 'cf2bd42630268eca1d0f856354a24408') in 0.009283 seconds 
========================================================================
Received Import Request.
  Time since last request: 0.000018 seconds.
  path: Assets/Resources/Modelings/Office_Texture/File02_Normal.png
  artifactKey: Guid(979baefadca3e7546aabdad551b5c445) Importer(815301076,1909f56bfc062723c751e8b465ee728b)
Start importing Assets/Resources/Modelings/Office_Texture/File02_Normal.png using Guid(979baefadca3e7546aabdad551b5c445) Importer(815301076,1909f56bfc062723c751e8b465ee728b)  -> (artifact id: '89c60fad2fb180e388aa2ed092ec2b0a') in 0.012629 seconds 
========================================================================
Received Import Request.
  Time since last request: 0.000024 seconds.
  path: Assets/Resources/Modelings/Office_Texture/Paper_Paper02_BaseColor.png
  artifactKey: Guid(901291284fc299b43af78728f4e622c9) Importer(815301076,1909f56bfc062723c751e8b465ee728b)
Start importing Assets/Resources/Modelings/Office_Texture/Paper_Paper02_BaseColor.png using Guid(901291284fc299b43af78728f4e622c9) Importer(815301076,1909f56bfc062723c751e8b465ee728b)  -> (artifact id: '3c6533e09d3037d2ec01e65cfcc9dbaf') in 0.014026 seconds 
========================================================================
Received Import Request.
  Time since last request: 0.000042 seconds.
  path: Assets/Resources/Modelings/Office_Texture/File02_BaseColor.png
  artifactKey: Guid(12d137c3f7a9f674f97b96e35b332c61) Importer(815301076,1909f56bfc062723c751e8b465ee728b)
Start importing Assets/Resources/Modelings/Office_Texture/File02_BaseColor.png using Guid(12d137c3f7a9f674f97b96e35b332c61) Importer(815301076,1909f56bfc062723c751e8b465ee728b)  -> (artifact id: '1c1a837df051b49139f0a2cf321e672a') in 0.010253 seconds 
========================================================================
Received Import Request.
  Time since last request: 0.000021 seconds.
  path: Assets/Resources/Modelings/Office_Texture/File02_Roughness.png
  artifactKey: Guid(8c9c0d3d32b33d3498ee20738082ac2c) Importer(815301076,1909f56bfc062723c751e8b465ee728b)
Start importing Assets/Resources/Modelings/Office_Texture/File02_Roughness.png using Guid(8c9c0d3d32b33d3498ee20738082ac2c) Importer(815301076,1909f56bfc062723c751e8b465ee728b)  -> (artifact id: 'ecc347e4dbd1e36980560ec4730da25e') in 0.009403 seconds 
========================================================================
Received Import Request.
  Time since last request: 0.000020 seconds.
  path: Assets/Resources/Modelings/Office_Texture/PC_Normal.jpeg
  artifactKey: Guid(feeee8c4f6d078343baea20d961b06cf) Importer(815301076,1909f56bfc062723c751e8b465ee728b)
Start importing Assets/Resources/Modelings/Office_Texture/PC_Normal.jpeg using Guid(feeee8c4f6d078343baea20d961b06cf) Importer(815301076,1909f56bfc062723c751e8b465ee728b)  -> (artifact id: 'd05cf7f24f36f7c51b1b7ab6d84c39b2') in 0.030360 seconds 
========================================================================
Received Import Request.
  Time since last request: 0.000026 seconds.
  path: Assets/Resources/Modelings/Office_Texture/PC_BaseColor.jpeg
  artifactKey: Guid(d01ac6d350cbcd8408dd2ec5b1e35a3c) Importer(815301076,1909f56bfc062723c751e8b465ee728b)
Start importing Assets/Resources/Modelings/Office_Texture/PC_BaseColor.jpeg using Guid(d01ac6d350cbcd8408dd2ec5b1e35a3c) Importer(815301076,1909f56bfc062723c751e8b465ee728b)  -> (artifact id: '19fb14833458273b7ca19049f2926ab0') in 0.046214 seconds 
========================================================================
Received Import Request.
  Time since last request: 0.000021 seconds.
  path: Assets/Resources/Modelings/Office_Texture/Drawer_Roughness.png
  artifactKey: Guid(75497de49997953409b195b62d7ef925) Importer(815301076,1909f56bfc062723c751e8b465ee728b)
Start importing Assets/Resources/Modelings/Office_Texture/Drawer_Roughness.png using Guid(75497de49997953409b195b62d7ef925) Importer(815301076,1909f56bfc062723c751e8b465ee728b)  -> (artifact id: 'a2d1abddd2abaa8084352cb84198e408') in 0.013571 seconds 
========================================================================
Received Import Request.
  Time since last request: 0.000025 seconds.
  path: Assets/Resources/Modelings/Office_Texture/File_Storage_BaseColor.png
  artifactKey: Guid(3fa29211122e76e4b9d9afc037c00bd0) Importer(815301076,1909f56bfc062723c751e8b465ee728b)
Start importing Assets/Resources/Modelings/Office_Texture/File_Storage_BaseColor.png using Guid(3fa29211122e76e4b9d9afc037c00bd0) Importer(815301076,1909f56bfc062723c751e8b465ee728b)  -> (artifact id: '52a02f6b6be249be075d192979b8a779') in 0.016759 seconds 
========================================================================
Received Import Request.
  Time since last request: 0.000022 seconds.
  path: Assets/Resources/Modelings/Office_Texture/File01_Normal.png
  artifactKey: Guid(cf127cee5b225d74ea6aff40d812830c) Importer(815301076,1909f56bfc062723c751e8b465ee728b)
Start importing Assets/Resources/Modelings/Office_Texture/File01_Normal.png using Guid(cf127cee5b225d74ea6aff40d812830c) Importer(815301076,1909f56bfc062723c751e8b465ee728b)  -> (artifact id: 'a1f41465995758cab80b5007f1b6e155') in 0.013230 seconds 
